{
  "0 debug pnpm:scope": {
    "selected": 1,
    "workspacePrefix": "D:\\tapdata\\tapdata-web"
  },
  "1 error pnpm": {
    "errno": 1,
    "code": "ELIFECYCLE",
    "pkgid": "daas-monorepo@",
    "stage": "start:daas",
    "script": "pnpm --filter daas start:test ",
    "pkgname": "daas-monorepo",
    "err": {
      "name": "pnpm",
      "message": "daas-monorepo@ start:daas: `pnpm --filter daas start:test `\nExit status 1",
      "code": "ELIFECYCLE",
      "stack": "pnpm: daas-monorepo@ start:daas: `pnpm --filter daas start:test `\nExit status 1\n    at EventEmitter.<anonymous> (D:\\Program\\nvm\\v16.2.0\\node_modules\\pnpm\\dist\\pnpm.cjs:106893:20)\n    at EventEmitter.emit (node:events:365:28)\n    at ChildProcess.<anonymous> (D:\\Program\\nvm\\v16.2.0\\node_modules\\pnpm\\dist\\pnpm.cjs:93462:18)\n    at ChildProcess.emit (node:events:365:28)\n    at maybeClose (node:internal/child_process:1067:16)\n    at Process.ChildProcess._handle.onexit (node:internal/child_process:301:5)"
    }
  },
  "2 warn pnpm:global": " Local package.json exists, but node_modules missing, did you mean to install?"
}